Traceback (most recent call last):
  File "/home/osori/Eruditus/eruditus/app_commands/ctf/hackmd-cli.py", line 33, in <module>
    page.click('xpath=//html/body/div[1]/div/div/div[1]/div/nav/ul/div[2]/a')
  File "/home/osori/.local/lib/python3.10/site-packages/playwright/sync_api/_generated.py", line 9905, in click
    self._sync(
  File "/home/osori/.local/lib/python3.10/site-packages/playwright/_impl/_sync_base.py", line 115, in _sync
    return task.result()
  File "/home/osori/.local/lib/python3.10/site-packages/playwright/_impl/_page.py", line 828, in click
    return await self._main_frame.click(**locals_to_params(locals()))
  File "/home/osori/.local/lib/python3.10/site-packages/playwright/_impl/_frame.py", line 488, in click
    await self._channel.send("click", locals_to_params(locals()))
  File "/home/osori/.local/lib/python3.10/site-packages/playwright/_impl/_connection.py", line 59, in send
    return await self._connection.wrap_api_call(
  File "/home/osori/.local/lib/python3.10/site-packages/playwright/_impl/_connection.py", line 520, in wrap_api_call
    raise rewrite_error(error, f"{parsed_st['apiName']}: {error}") from None
playwright._impl._errors.TimeoutError: Page.click: Timeout 30000ms exceeded.
Call log:
waiting for locator("//html/body/div[1]/div/div/div[1]/div/nav/ul/div[2]/a")
  -   locator resolved to <a href="/new" type="button" class="btn btn-sm btn-primary">…</a>
  - attempting click action
  -   waiting for element to be visible, enabled and stable
  -   element is not visible
  - retrying click action, attempt #1
  -   waiting for element to be visible, enabled and stable
  -   element is not visible
  - retrying click action, attempt #2
  -   waiting 20ms
  -   waiting for element to be visible, enabled and stable
  -   element is not visible
  - retrying click action, attempt #3
  -   waiting 100ms
  -   waiting for element to be visible, enabled and stable
  -   element is not visible
  - retrying click action, attempt #4
  -   waiting 100ms
  -   waiting for element to be visible, enabled and stable
  -   element is not visible
  - retrying click action, attempt #5
  -   waiting 500ms
  -   waiting for element to be visible, enabled and stable
  -   element is not visible
  - retrying click action, attempt #6
  -   waiting 500ms
  -   waiting for element to be visible, enabled and stable
  -   element is not visible
  - retrying click action, attempt #7
  -   waiting 500ms
  -   waiting for element to be visible, enabled and stable
  -   element is not visible
  - retrying click action, attempt #8
  -   waiting 500ms
  -   waiting for element to be visible, enabled and stable
  -   element is not visible
  - retrying click action, attempt #9
  -   waiting 500ms
  -   waiting for element to be visible, enabled and stable
  -   element is not visible
  - retrying click action, attempt #10
  -   waiting 500ms
  -   waiting for element to be visible, enabled and stable
  -   element is not visible
  - retrying click action, attempt #11
  -   waiting 500ms
  -   waiting for element to be visible, enabled and stable
  -   element is not visible
  - retrying click action, attempt #12
  -   waiting 500ms
  -   waiting for element to be visible, enabled and stable
  -   element is not visible
  - retrying click action, attempt #13
  -   waiting 500ms
  -   waiting for element to be visible, enabled and stable
  -   element is not visible
  - retrying click action, attempt #14
  -   waiting 500ms
  -   waiting for element to be visible, enabled and stable
  -   element is not visible
  - retrying click action, attempt #15
  -   waiting 500ms
  -   waiting for element to be visible, enabled and stable
  -   element is not visible
  - retrying click action, attempt #16
  -   waiting 500ms
  -   waiting for element to be visible, enabled and stable
  -   element is not visible
  - retrying click action, attempt #17
  -   waiting 500ms
  -   waiting for element to be visible, enabled and stable
  -   element is not visible
  - retrying click action, attempt #18
  -   waiting 500ms
  -   waiting for element to be visible, enabled and stable
  -   element is not visible
  - retrying click action, attempt #19
  -   waiting 500ms
  -   waiting for element to be visible, enabled and stable
  -   element is not visible
  - retrying click action, attempt #20
  -   waiting 500ms
  -   waiting for element to be visible, enabled and stable
  -   element is not visible
  - retrying click action, attempt #21
  -   waiting 500ms
  -   waiting for element to be visible, enabled and stable
  -   element is not visible
  - retrying click action, attempt #22
  -   waiting 500ms
  -   waiting for element to be visible, enabled and stable
  -   element is not visible
  - retrying click action, attempt #23
  -   waiting 500ms
  -   waiting for element to be visible, enabled and stable
  -   element is not visible
  - retrying click action, attempt #24
  -   waiting 500ms
  -   waiting for element to be visible, enabled and stable
  -   element is not visible
  - retrying click action, attempt #25
  -   waiting 500ms
  -   waiting for element to be visible, enabled and stable
  -   element is not visible
  - retrying click action, attempt #26
  -   waiting 500ms
  -   waiting for element to be visible, enabled and stable
  -   element is not visible
  - retrying click action, attempt #27
  -   waiting 500ms
  -   waiting for element to be visible, enabled and stable
  -   element is not visible
  - retrying click action, attempt #28
  -   waiting 500ms
  -   waiting for element to be visible, enabled and stable
  -   element is not visible
  - retrying click action, attempt #29
  -   waiting 500ms
  -   waiting for element to be visible, enabled and stable
  -   element is not visible
  - retrying click action, attempt #30
  -   waiting 500ms
  -   waiting for element to be visible, enabled and stable
  -   element is not visible
  - retrying click action, attempt #31
  -   waiting 500ms
  -   waiting for element to be visible, enabled and stable
  -   element is not visible
  - retrying click action, attempt #32
  -   waiting 500ms
  -   waiting for element to be visible, enabled and stable
  -   element is not visible
  - retrying click action, attempt #33
  -   waiting 500ms
  -   waiting for element to be visible, enabled and stable
  -   element is not visible
  - retrying click action, attempt #34
  -   waiting 500ms
  -   waiting for element to be visible, enabled and stable
  -   element is not visible
  - retrying click action, attempt #35
  -   waiting 500ms
  -   waiting for element to be visible, enabled and stable
  -   element is not visible
  - retrying click action, attempt #36
  -   waiting 500ms
  -   waiting for element to be visible, enabled and stable
  -   element is not visible
  - retrying click action, attempt #37
  -   waiting 500ms
  -   waiting for element to be visible, enabled and stable
  -   element is not visible
  - retrying click action, attempt #38
  -   waiting 500ms
  -   waiting for element to be visible, enabled and stable
  -   element is not visible
  - retrying click action, attempt #39
  -   waiting 500ms
  -   waiting for element to be visible, enabled and stable
  -   element is not visible
  - retrying click action, attempt #40
  -   waiting 500ms
  -   waiting for element to be visible, enabled and stable
  -   element is not visible
  - retrying click action, attempt #41
  -   waiting 500ms
  -   waiting for element to be visible, enabled and stable
  -   element is not visible
  - retrying click action, attempt #42
  -   waiting 500ms
  -   waiting for element to be visible, enabled and stable
  -   element is not visible
  - retrying click action, attempt #43
  -   waiting 500ms
  -   waiting for element to be visible, enabled and stable
  -   element is not visible
  - retrying click action, attempt #44
  -   waiting 500ms
  -   waiting for element to be visible, enabled and stable
  -   element is not visible
  - retrying click action, attempt #45
  -   waiting 500ms
  -   waiting for element to be visible, enabled and stable
  -   element is not visible
  - retrying click action, attempt #46
  -   waiting 500ms
  -   waiting for element to be visible, enabled and stable
  -   element is not visible
  - retrying click action, attempt #47
  -   waiting 500ms
  -   waiting for element to be visible, enabled and stable
  -   element is not visible
  - retrying click action, attempt #48
  -   waiting 500ms
  -   waiting for element to be visible, enabled and stable
  -   element is not visible
  - retrying click action, attempt #49
  -   waiting 500ms
  -   waiting for element to be visible, enabled and stable
  -   element is not visible
  - retrying click action, attempt #50
  -   waiting 500ms
  -   waiting for element to be visible, enabled and stable
  -   element is not visible
  - retrying click action, attempt #51
  -   waiting 500ms
  -   waiting for element to be visible, enabled and stable
  -   element is not visible
  - retrying click action, attempt #52
  -   waiting 500ms
  -   waiting for element to be visible, enabled and stable
  -   element is not visible
  - retrying click action, attempt #53
  -   waiting 500ms
  -   waiting for element to be visible, enabled and stable
  -   element is not visible
  - retrying click action, attempt #54
  -   waiting 500ms
  -   waiting for element to be visible, enabled and stable
  -   element is not visible
  - retrying click action, attempt #55
  -   waiting 500ms
  -   waiting for element to be visible, enabled and stable
  -   element is not visible
  - retrying click action, attempt #56
  -   waiting 500ms
  -   waiting for element to be visible, enabled and stable
  -   element is not visible
  - retrying click action, attempt #57
  -   waiting 500ms
  -   waiting for element to be visible, enabled and stable
  -   element is not visible
  - retrying click action, attempt #58
  -   waiting 500ms
  -   waiting for element to be visible, enabled and stable
  -   element is not visible
  - retrying click action, attempt #59
  -   waiting 500ms
  -   waiting for element to be visible, enabled and stable
  -   element is not visible
  - retrying click action, attempt #60
  -   waiting 500ms
  -   waiting for element to be visible, enabled and stable
  -   element is not visible
  - retrying click action, attempt #61
  -   waiting 500ms
  -   waiting for element to be visible, enabled and stable
  -   element is not visible
  - retrying click action, attempt #62
  -   waiting 500ms

2025/02/04 03:25:17 socat[1546943] E waitpid(): child 1546944 exited with status 1
Traceback (most recent call last):
  File "/home/osori/Eruditus/eruditus/app_commands/ctf/hackmd-cli.py", line 33, in <module>
    page.click('xpath=//html/body/div[1]/div/div/div[1]/div/nav/ul/div[2]/a')
  File "/home/osori/.local/lib/python3.10/site-packages/playwright/sync_api/_generated.py", line 9905, in click
    self._sync(
  File "/home/osori/.local/lib/python3.10/site-packages/playwright/_impl/_sync_base.py", line 115, in _sync
    return task.result()
  File "/home/osori/.local/lib/python3.10/site-packages/playwright/_impl/_page.py", line 828, in click
    return await self._main_frame.click(**locals_to_params(locals()))
  File "/home/osori/.local/lib/python3.10/site-packages/playwright/_impl/_frame.py", line 488, in click
    await self._channel.send("click", locals_to_params(locals()))
  File "/home/osori/.local/lib/python3.10/site-packages/playwright/_impl/_connection.py", line 59, in send
    return await self._connection.wrap_api_call(
  File "/home/osori/.local/lib/python3.10/site-packages/playwright/_impl/_connection.py", line 520, in wrap_api_call
    raise rewrite_error(error, f"{parsed_st['apiName']}: {error}") from None
playwright._impl._errors.TimeoutError: Page.click: Timeout 30000ms exceeded.
Call log:
waiting for locator("//html/body/div[1]/div/div/div[1]/div/nav/ul/div[2]/a")
  -   locator resolved to <a href="/new" type="button" class="btn btn-sm btn-primary">…</a>
  - attempting click action
  -   waiting for element to be visible, enabled and stable
  -   element is not visible
  - retrying click action, attempt #1
  -   waiting for element to be visible, enabled and stable
  -   element is not visible
  - retrying click action, attempt #2
  -   waiting 20ms
  -   waiting for element to be visible, enabled and stable
  -   element is not visible
  - retrying click action, attempt #3
  -   waiting 100ms
  -   waiting for element to be visible, enabled and stable
  -   element is not visible
  - retrying click action, attempt #4
  -   waiting 100ms
  -   waiting for element to be visible, enabled and stable
  -   element is not visible
  - retrying click action, attempt #5
  -   waiting 500ms
  -   waiting for element to be visible, enabled and stable
  -   element is not visible
  - retrying click action, attempt #6
  -   waiting 500ms
  -   waiting for element to be visible, enabled and stable
  -   element is not visible
  - retrying click action, attempt #7
  -   waiting 500ms
  -   waiting for element to be visible, enabled and stable
  -   element is not visible
  - retrying click action, attempt #8
  -   waiting 500ms
  -   waiting for element to be visible, enabled and stable
  -   element is not visible
  - retrying click action, attempt #9
  -   waiting 500ms
  -   waiting for element to be visible, enabled and stable
  -   element is not visible
  - retrying click action, attempt #10
  -   waiting 500ms
  -   waiting for element to be visible, enabled and stable
  -   element is not visible
  - retrying click action, attempt #11
  -   waiting 500ms
  -   waiting for element to be visible, enabled and stable
  -   element is not visible
  - retrying click action, attempt #12
  -   waiting 500ms
  -   waiting for element to be visible, enabled and stable
  -   element is not visible
  - retrying click action, attempt #13
  -   waiting 500ms
  -   waiting for element to be visible, enabled and stable
  -   element is not visible
  - retrying click action, attempt #14
  -   waiting 500ms
  -   waiting for element to be visible, enabled and stable
  -   element is not visible
  - retrying click action, attempt #15
  -   waiting 500ms
  -   waiting for element to be visible, enabled and stable
  -   element is not visible
  - retrying click action, attempt #16
  -   waiting 500ms
  -   waiting for element to be visible, enabled and stable
  -   element is not visible
  - retrying click action, attempt #17
  -   waiting 500ms
  -   waiting for element to be visible, enabled and stable
  -   element is not visible
  - retrying click action, attempt #18
  -   waiting 500ms
  -   waiting for element to be visible, enabled and stable
  -   element is not visible
  - retrying click action, attempt #19
  -   waiting 500ms
  -   waiting for element to be visible, enabled and stable
  -   element is not visible
  - retrying click action, attempt #20
  -   waiting 500ms
  -   waiting for element to be visible, enabled and stable
  -   element is not visible
  - retrying click action, attempt #21
  -   waiting 500ms
  -   waiting for element to be visible, enabled and stable
  -   element is not visible
  - retrying click action, attempt #22
  -   waiting 500ms
  -   waiting for element to be visible, enabled and stable
  -   element is not visible
  - retrying click action, attempt #23
  -   waiting 500ms
  -   waiting for element to be visible, enabled and stable
  -   element is not visible
  - retrying click action, attempt #24
  -   waiting 500ms
  -   waiting for element to be visible, enabled and stable
  -   element is not visible
  - retrying click action, attempt #25
  -   waiting 500ms
  -   waiting for element to be visible, enabled and stable
  -   element is not visible
  - retrying click action, attempt #26
  -   waiting 500ms
  -   waiting for element to be visible, enabled and stable
  -   element is not visible
  - retrying click action, attempt #27
  -   waiting 500ms
  -   waiting for element to be visible, enabled and stable
  -   element is not visible
  - retrying click action, attempt #28
  -   waiting 500ms
  -   waiting for element to be visible, enabled and stable
  -   element is not visible
  - retrying click action, attempt #29
  -   waiting 500ms
  -   waiting for element to be visible, enabled and stable
  -   element is not visible
  - retrying click action, attempt #30
  -   waiting 500ms
  -   waiting for element to be visible, enabled and stable
  -   element is not visible
  - retrying click action, attempt #31
  -   waiting 500ms
  -   waiting for element to be visible, enabled and stable
  -   element is not visible
  - retrying click action, attempt #32
  -   waiting 500ms
  -   waiting for element to be visible, enabled and stable
  -   element is not visible
  - retrying click action, attempt #33
  -   waiting 500ms
  -   waiting for element to be visible, enabled and stable
  -   element is not visible
  - retrying click action, attempt #34
  -   waiting 500ms
  -   waiting for element to be visible, enabled and stable
  -   element is not visible
  - retrying click action, attempt #35
  -   waiting 500ms
  -   waiting for element to be visible, enabled and stable
  -   element is not visible
  - retrying click action, attempt #36
  -   waiting 500ms
  -   waiting for element to be visible, enabled and stable
  -   element is not visible
  - retrying click action, attempt #37
  -   waiting 500ms
  -   waiting for element to be visible, enabled and stable
  -   element is not visible
  - retrying click action, attempt #38
  -   waiting 500ms
  -   waiting for element to be visible, enabled and stable
  -   element is not visible
  - retrying click action, attempt #39
  -   waiting 500ms
  -   waiting for element to be visible, enabled and stable
  -   element is not visible
  - retrying click action, attempt #40
  -   waiting 500ms
  -   waiting for element to be visible, enabled and stable
  -   element is not visible
  - retrying click action, attempt #41
  -   waiting 500ms
  -   waiting for element to be visible, enabled and stable
  -   element is not visible
  - retrying click action, attempt #42
  -   waiting 500ms
  -   waiting for element to be visible, enabled and stable
  -   element is not visible
  - retrying click action, attempt #43
  -   waiting 500ms
  -   waiting for element to be visible, enabled and stable
  -   element is not visible
  - retrying click action, attempt #44
  -   waiting 500ms
  -   waiting for element to be visible, enabled and stable
  -   element is not visible
  - retrying click action, attempt #45
  -   waiting 500ms
  -   waiting for element to be visible, enabled and stable
  -   element is not visible
  - retrying click action, attempt #46
  -   waiting 500ms
  -   waiting for element to be visible, enabled and stable
  -   element is not visible
  - retrying click action, attempt #47
  -   waiting 500ms
  -   waiting for element to be visible, enabled and stable
  -   element is not visible
  - retrying click action, attempt #48
  -   waiting 500ms
  -   waiting for element to be visible, enabled and stable
  -   element is not visible
  - retrying click action, attempt #49
  -   waiting 500ms
  -   waiting for element to be visible, enabled and stable
  -   element is not visible
  - retrying click action, attempt #50
  -   waiting 500ms
  -   waiting for element to be visible, enabled and stable
  -   element is not visible
  - retrying click action, attempt #51
  -   waiting 500ms
  -   waiting for element to be visible, enabled and stable
  -   element is not visible
  - retrying click action, attempt #52
  -   waiting 500ms
  -   waiting for element to be visible, enabled and stable
  -   element is not visible
  - retrying click action, attempt #53
  -   waiting 500ms
  -   waiting for element to be visible, enabled and stable
  -   element is not visible
  - retrying click action, attempt #54
  -   waiting 500ms
  -   waiting for element to be visible, enabled and stable
  -   element is not visible
  - retrying click action, attempt #55
  -   waiting 500ms
  -   waiting for element to be visible, enabled and stable
  -   element is not visible
  - retrying click action, attempt #56
  -   waiting 500ms
  -   waiting for element to be visible, enabled and stable
  -   element is not visible
  - retrying click action, attempt #57
  -   waiting 500ms
  -   waiting for element to be visible, enabled and stable
  -   element is not visible
  - retrying click action, attempt #58
  -   waiting 500ms
  -   waiting for element to be visible, enabled and stable
  -   element is not visible
  - retrying click action, attempt #59
  -   waiting 500ms
  -   waiting for element to be visible, enabled and stable
  -   element is not visible
  - retrying click action, attempt #60
  -   waiting 500ms
  -   waiting for element to be visible, enabled and stable
  -   element is not visible
  - retrying click action, attempt #61
  -   waiting 500ms
  -   waiting for element to be visible, enabled and stable
  -   element is not visible
  - retrying click action, attempt #62
  -   waiting 500ms

2025/02/04 03:27:18 socat[1547035] E waitpid(): child 1547036 exited with status 1
Traceback (most recent call last):
  File "/home/osori/Eruditus/eruditus/app_commands/ctf/hackmd-cli.py", line 33, in <module>
    page.click('xpath=//html/body/div[1]/div/div/div[1]/div/nav/ul/div[2]/a')
  File "/home/osori/.local/lib/python3.10/site-packages/playwright/sync_api/_generated.py", line 9905, in click
    self._sync(
  File "/home/osori/.local/lib/python3.10/site-packages/playwright/_impl/_sync_base.py", line 115, in _sync
    return task.result()
  File "/home/osori/.local/lib/python3.10/site-packages/playwright/_impl/_page.py", line 828, in click
    return await self._main_frame.click(**locals_to_params(locals()))
  File "/home/osori/.local/lib/python3.10/site-packages/playwright/_impl/_frame.py", line 488, in click
    await self._channel.send("click", locals_to_params(locals()))
  File "/home/osori/.local/lib/python3.10/site-packages/playwright/_impl/_connection.py", line 59, in send
    return await self._connection.wrap_api_call(
  File "/home/osori/.local/lib/python3.10/site-packages/playwright/_impl/_connection.py", line 520, in wrap_api_call
    raise rewrite_error(error, f"{parsed_st['apiName']}: {error}") from None
playwright._impl._errors.TimeoutError: Page.click: Timeout 30000ms exceeded.
Call log:
waiting for locator("//html/body/div[1]/div/div/div[1]/div/nav/ul/div[2]/a")
  -   locator resolved to <a href="/new" type="button" class="btn btn-sm btn-primary">…</a>
  - attempting click action
  -   waiting for element to be visible, enabled and stable
  -   element is not visible
  - retrying click action, attempt #1
  -   waiting for element to be visible, enabled and stable
  -   element is not visible
  - retrying click action, attempt #2
  -   waiting 20ms
  -   waiting for element to be visible, enabled and stable
  -   element is not visible
  - retrying click action, attempt #3
  -   waiting 100ms
  -   waiting for element to be visible, enabled and stable
  -   element is not visible
  - retrying click action, attempt #4
  -   waiting 100ms
  -   waiting for element to be visible, enabled and stable
  -   element is not visible
  - retrying click action, attempt #5
  -   waiting 500ms
  -   waiting for element to be visible, enabled and stable
  -   element is not visible
  - retrying click action, attempt #6
  -   waiting 500ms
  -   waiting for element to be visible, enabled and stable
  -   element is not visible
  - retrying click action, attempt #7
  -   waiting 500ms
  -   waiting for element to be visible, enabled and stable
  -   element is not visible
  - retrying click action, attempt #8
  -   waiting 500ms
  -   waiting for element to be visible, enabled and stable
  -   element is not visible
  - retrying click action, attempt #9
  -   waiting 500ms
  -   waiting for element to be visible, enabled and stable
  -   element is not visible
  - retrying click action, attempt #10
  -   waiting 500ms
  -   waiting for element to be visible, enabled and stable
  -   element is not visible
  - retrying click action, attempt #11
  -   waiting 500ms
  -   waiting for element to be visible, enabled and stable
  -   element is not visible
  - retrying click action, attempt #12
  -   waiting 500ms
  -   waiting for element to be visible, enabled and stable
  -   element is not visible
  - retrying click action, attempt #13
  -   waiting 500ms
  -   waiting for element to be visible, enabled and stable
  -   element is not visible
  - retrying click action, attempt #14
  -   waiting 500ms
  -   waiting for element to be visible, enabled and stable
  -   element is not visible
  - retrying click action, attempt #15
  -   waiting 500ms
  -   waiting for element to be visible, enabled and stable
  -   element is not visible
  - retrying click action, attempt #16
  -   waiting 500ms
  -   waiting for element to be visible, enabled and stable
  -   element is not visible
  - retrying click action, attempt #17
  -   waiting 500ms
  -   waiting for element to be visible, enabled and stable
  -   element is not visible
  - retrying click action, attempt #18
  -   waiting 500ms
  -   waiting for element to be visible, enabled and stable
  -   element is not visible
  - retrying click action, attempt #19
  -   waiting 500ms
  -   waiting for element to be visible, enabled and stable
  -   element is not visible
  - retrying click action, attempt #20
  -   waiting 500ms
  -   waiting for element to be visible, enabled and stable
  -   element is not visible
  - retrying click action, attempt #21
  -   waiting 500ms
  -   waiting for element to be visible, enabled and stable
  -   element is not visible
  - retrying click action, attempt #22
  -   waiting 500ms
  -   waiting for element to be visible, enabled and stable
  -   element is not visible
  - retrying click action, attempt #23
  -   waiting 500ms
  -   waiting for element to be visible, enabled and stable
  -   element is not visible
  - retrying click action, attempt #24
  -   waiting 500ms
  -   waiting for element to be visible, enabled and stable
  -   element is not visible
  - retrying click action, attempt #25
  -   waiting 500ms
  -   waiting for element to be visible, enabled and stable
  -   element is not visible
  - retrying click action, attempt #26
  -   waiting 500ms
  -   waiting for element to be visible, enabled and stable
  -   element is not visible
  - retrying click action, attempt #27
  -   waiting 500ms
  -   waiting for element to be visible, enabled and stable
  -   element is not visible
  - retrying click action, attempt #28
  -   waiting 500ms
  -   waiting for element to be visible, enabled and stable
  -   element is not visible
  - retrying click action, attempt #29
  -   waiting 500ms
  -   waiting for element to be visible, enabled and stable
  -   element is not visible
  - retrying click action, attempt #30
  -   waiting 500ms
  -   waiting for element to be visible, enabled and stable
  -   element is not visible
  - retrying click action, attempt #31
  -   waiting 500ms
  -   waiting for element to be visible, enabled and stable
  -   element is not visible
  - retrying click action, attempt #32
  -   waiting 500ms
  -   waiting for element to be visible, enabled and stable
  -   element is not visible
  - retrying click action, attempt #33
  -   waiting 500ms
  -   waiting for element to be visible, enabled and stable
  -   element is not visible
  - retrying click action, attempt #34
  -   waiting 500ms
  -   waiting for element to be visible, enabled and stable
  -   element is not visible
  - retrying click action, attempt #35
  -   waiting 500ms
  -   waiting for element to be visible, enabled and stable
  -   element is not visible
  - retrying click action, attempt #36
  -   waiting 500ms
  -   waiting for element to be visible, enabled and stable
  -   element is not visible
  - retrying click action, attempt #37
  -   waiting 500ms
  -   waiting for element to be visible, enabled and stable
  -   element is not visible
  - retrying click action, attempt #38
  -   waiting 500ms
  -   waiting for element to be visible, enabled and stable
  -   element is not visible
  - retrying click action, attempt #39
  -   waiting 500ms
  -   waiting for element to be visible, enabled and stable
  -   element is not visible
  - retrying click action, attempt #40
  -   waiting 500ms
  -   waiting for element to be visible, enabled and stable
  -   element is not visible
  - retrying click action, attempt #41
  -   waiting 500ms
  -   waiting for element to be visible, enabled and stable
  -   element is not visible
  - retrying click action, attempt #42
  -   waiting 500ms
  -   waiting for element to be visible, enabled and stable
  -   element is not visible
  - retrying click action, attempt #43
  -   waiting 500ms
  -   waiting for element to be visible, enabled and stable
  -   element is not visible
  - retrying click action, attempt #44
  -   waiting 500ms
  -   waiting for element to be visible, enabled and stable
  -   element is not visible
  - retrying click action, attempt #45
  -   waiting 500ms
  -   waiting for element to be visible, enabled and stable
  -   element is not visible
  - retrying click action, attempt #46
  -   waiting 500ms
  -   waiting for element to be visible, enabled and stable
  -   element is not visible
  - retrying click action, attempt #47
  -   waiting 500ms
  -   waiting for element to be visible, enabled and stable
  -   element is not visible
  - retrying click action, attempt #48
  -   waiting 500ms
  -   waiting for element to be visible, enabled and stable
  -   element is not visible
  - retrying click action, attempt #49
  -   waiting 500ms
  -   waiting for element to be visible, enabled and stable
  -   element is not visible
  - retrying click action, attempt #50
  -   waiting 500ms
  -   waiting for element to be visible, enabled and stable
  -   element is not visible
  - retrying click action, attempt #51
  -   waiting 500ms
  -   waiting for element to be visible, enabled and stable
  -   element is not visible
  - retrying click action, attempt #52
  -   waiting 500ms
  -   waiting for element to be visible, enabled and stable
  -   element is not visible
  - retrying click action, attempt #53
  -   waiting 500ms
  -   waiting for element to be visible, enabled and stable
  -   element is not visible
  - retrying click action, attempt #54
  -   waiting 500ms
  -   waiting for element to be visible, enabled and stable
  -   element is not visible
  - retrying click action, attempt #55
  -   waiting 500ms
  -   waiting for element to be visible, enabled and stable
  -   element is not visible
  - retrying click action, attempt #56
  -   waiting 500ms
  -   waiting for element to be visible, enabled and stable
  -   element is not visible
  - retrying click action, attempt #57
  -   waiting 500ms
  -   waiting for element to be visible, enabled and stable
  -   element is not visible
  - retrying click action, attempt #58
  -   waiting 500ms
  -   waiting for element to be visible, enabled and stable
  -   element is not visible
  - retrying click action, attempt #59
  -   waiting 500ms
  -   waiting for element to be visible, enabled and stable
  -   element is not visible
  - retrying click action, attempt #60
  -   waiting 500ms
  -   waiting for element to be visible, enabled and stable
  -   element is not visible
  - retrying click action, attempt #61
  -   waiting 500ms
  -   waiting for element to be visible, enabled and stable
  -   element is not visible
  - retrying click action, attempt #62
  -   waiting 500ms

2025/02/04 03:29:30 socat[1547947] E waitpid(): child 1547948 exited with status 1
Traceback (most recent call last):
  File "/home/osori/Eruditus/eruditus/app_commands/ctf/hackmd-cli.py", line 33, in <module>
    page.click('xpath=//html/body/div[1]/div/div/div[1]/div/nav/ul/div[2]/a')
  File "/home/osori/.local/lib/python3.10/site-packages/playwright/sync_api/_generated.py", line 9905, in click
    self._sync(
  File "/home/osori/.local/lib/python3.10/site-packages/playwright/_impl/_sync_base.py", line 115, in _sync
    return task.result()
  File "/home/osori/.local/lib/python3.10/site-packages/playwright/_impl/_page.py", line 828, in click
    return await self._main_frame.click(**locals_to_params(locals()))
  File "/home/osori/.local/lib/python3.10/site-packages/playwright/_impl/_frame.py", line 488, in click
    await self._channel.send("click", locals_to_params(locals()))
  File "/home/osori/.local/lib/python3.10/site-packages/playwright/_impl/_connection.py", line 59, in send
    return await self._connection.wrap_api_call(
  File "/home/osori/.local/lib/python3.10/site-packages/playwright/_impl/_connection.py", line 520, in wrap_api_call
    raise rewrite_error(error, f"{parsed_st['apiName']}: {error}") from None
playwright._impl._errors.TimeoutError: Page.click: Timeout 30000ms exceeded.
Call log:
waiting for locator("//html/body/div[1]/div/div/div[1]/div/nav/ul/div[2]/a")
  -   locator resolved to <a href="/new" type="button" class="btn btn-sm btn-primary">…</a>
  - attempting click action
  -   waiting for element to be visible, enabled and stable
  -   element is not visible
  - retrying click action, attempt #1
  -   waiting for element to be visible, enabled and stable
  -   element is not visible
  - retrying click action, attempt #2
  -   waiting 20ms
  -   waiting for element to be visible, enabled and stable
  -   element is not visible
  - retrying click action, attempt #3
  -   waiting 100ms
  -   waiting for element to be visible, enabled and stable
  -   element is not visible
  - retrying click action, attempt #4
  -   waiting 100ms
  -   waiting for element to be visible, enabled and stable
  -   element is not visible
  - retrying click action, attempt #5
  -   waiting 500ms
  -   waiting for element to be visible, enabled and stable
  -   element is not visible
  - retrying click action, attempt #6
  -   waiting 500ms
  -   waiting for element to be visible, enabled and stable
  -   element is not visible
  - retrying click action, attempt #7
  -   waiting 500ms
  -   waiting for element to be visible, enabled and stable
  -   element is not visible
  - retrying click action, attempt #8
  -   waiting 500ms
  -   waiting for element to be visible, enabled and stable
  -   element is not visible
  - retrying click action, attempt #9
  -   waiting 500ms
  -   waiting for element to be visible, enabled and stable
  -   element is not visible
  - retrying click action, attempt #10
  -   waiting 500ms
  -   waiting for element to be visible, enabled and stable
  -   element is not visible
  - retrying click action, attempt #11
  -   waiting 500ms
  -   waiting for element to be visible, enabled and stable
  -   element is not visible
  - retrying click action, attempt #12
  -   waiting 500ms
  -   waiting for element to be visible, enabled and stable
  -   element is not visible
  - retrying click action, attempt #13
  -   waiting 500ms
  -   waiting for element to be visible, enabled and stable
  -   element is not visible
  - retrying click action, attempt #14
  -   waiting 500ms
  -   waiting for element to be visible, enabled and stable
  -   element is not visible
  - retrying click action, attempt #15
  -   waiting 500ms
  -   waiting for element to be visible, enabled and stable
  -   element is not visible
  - retrying click action, attempt #16
  -   waiting 500ms
  -   waiting for element to be visible, enabled and stable
  -   element is not visible
  - retrying click action, attempt #17
  -   waiting 500ms
  -   waiting for element to be visible, enabled and stable
  -   element is not visible
  - retrying click action, attempt #18
  -   waiting 500ms
  -   waiting for element to be visible, enabled and stable
  -   element is not visible
  - retrying click action, attempt #19
  -   waiting 500ms
  -   waiting for element to be visible, enabled and stable
  -   element is not visible
  - retrying click action, attempt #20
  -   waiting 500ms
  -   waiting for element to be visible, enabled and stable
  -   element is not visible
  - retrying click action, attempt #21
  -   waiting 500ms
  -   waiting for element to be visible, enabled and stable
  -   element is not visible
  - retrying click action, attempt #22
  -   waiting 500ms
  -   waiting for element to be visible, enabled and stable
  -   element is not visible
  - retrying click action, attempt #23
  -   waiting 500ms
  -   waiting for element to be visible, enabled and stable
  -   element is not visible
  - retrying click action, attempt #24
  -   waiting 500ms
  -   waiting for element to be visible, enabled and stable
  -   element is not visible
  - retrying click action, attempt #25
  -   waiting 500ms
  -   waiting for element to be visible, enabled and stable
  -   element is not visible
  - retrying click action, attempt #26
  -   waiting 500ms
  -   waiting for element to be visible, enabled and stable
  -   element is not visible
  - retrying click action, attempt #27
  -   waiting 500ms
  -   waiting for element to be visible, enabled and stable
  -   element is not visible
  - retrying click action, attempt #28
  -   waiting 500ms
  -   waiting for element to be visible, enabled and stable
  -   element is not visible
  - retrying click action, attempt #29
  -   waiting 500ms
  -   waiting for element to be visible, enabled and stable
  -   element is not visible
  - retrying click action, attempt #30
  -   waiting 500ms
  -   waiting for element to be visible, enabled and stable
  -   element is not visible
  - retrying click action, attempt #31
  -   waiting 500ms
  -   waiting for element to be visible, enabled and stable
  -   element is not visible
  - retrying click action, attempt #32
  -   waiting 500ms
  -   waiting for element to be visible, enabled and stable
  -   element is not visible
  - retrying click action, attempt #33
  -   waiting 500ms
  -   waiting for element to be visible, enabled and stable
  -   element is not visible
  - retrying click action, attempt #34
  -   waiting 500ms
  -   waiting for element to be visible, enabled and stable
  -   element is not visible
  - retrying click action, attempt #35
  -   waiting 500ms
  -   waiting for element to be visible, enabled and stable
  -   element is not visible
  - retrying click action, attempt #36
  -   waiting 500ms
  -   waiting for element to be visible, enabled and stable
  -   element is not visible
  - retrying click action, attempt #37
  -   waiting 500ms
  -   waiting for element to be visible, enabled and stable
  -   element is not visible
  - retrying click action, attempt #38
  -   waiting 500ms
  -   waiting for element to be visible, enabled and stable
  -   element is not visible
  - retrying click action, attempt #39
  -   waiting 500ms
  -   waiting for element to be visible, enabled and stable
  -   element is not visible
  - retrying click action, attempt #40
  -   waiting 500ms
  -   waiting for element to be visible, enabled and stable
  -   element is not visible
  - retrying click action, attempt #41
  -   waiting 500ms
  -   waiting for element to be visible, enabled and stable
  -   element is not visible
  - retrying click action, attempt #42
  -   waiting 500ms
  -   waiting for element to be visible, enabled and stable
  -   element is not visible
  - retrying click action, attempt #43
  -   waiting 500ms
  -   waiting for element to be visible, enabled and stable
  -   element is not visible
  - retrying click action, attempt #44
  -   waiting 500ms
  -   waiting for element to be visible, enabled and stable
  -   element is not visible
  - retrying click action, attempt #45
  -   waiting 500ms
  -   waiting for element to be visible, enabled and stable
  -   element is not visible
  - retrying click action, attempt #46
  -   waiting 500ms
  -   waiting for element to be visible, enabled and stable
  -   element is not visible
  - retrying click action, attempt #47
  -   waiting 500ms
  -   waiting for element to be visible, enabled and stable
  -   element is not visible
  - retrying click action, attempt #48
  -   waiting 500ms
  -   waiting for element to be visible, enabled and stable
  -   element is not visible
  - retrying click action, attempt #49
  -   waiting 500ms
  -   waiting for element to be visible, enabled and stable
  -   element is not visible
  - retrying click action, attempt #50
  -   waiting 500ms
  -   waiting for element to be visible, enabled and stable
  -   element is not visible
  - retrying click action, attempt #51
  -   waiting 500ms
  -   waiting for element to be visible, enabled and stable
  -   element is not visible
  - retrying click action, attempt #52
  -   waiting 500ms
  -   waiting for element to be visible, enabled and stable
  -   element is not visible
  - retrying click action, attempt #53
  -   waiting 500ms
  -   waiting for element to be visible, enabled and stable
  -   element is not visible
  - retrying click action, attempt #54
  -   waiting 500ms
  -   waiting for element to be visible, enabled and stable
  -   element is not visible
  - retrying click action, attempt #55
  -   waiting 500ms
  -   waiting for element to be visible, enabled and stable
  -   element is not visible
  - retrying click action, attempt #56
  -   waiting 500ms
  -   waiting for element to be visible, enabled and stable
  -   element is not visible
  - retrying click action, attempt #57
  -   waiting 500ms
  -   waiting for element to be visible, enabled and stable
  -   element is not visible
  - retrying click action, attempt #58
  -   waiting 500ms
  -   waiting for element to be visible, enabled and stable
  -   element is not visible
  - retrying click action, attempt #59
  -   waiting 500ms
  -   waiting for element to be visible, enabled and stable
  -   element is not visible
  - retrying click action, attempt #60
  -   waiting 500ms
  -   waiting for element to be visible, enabled and stable
  -   element is not visible
  - retrying click action, attempt #61
  -   waiting 500ms
  -   waiting for element to be visible, enabled and stable
  -   element is not visible
  - retrying click action, attempt #62
  -   waiting 500ms

2025/02/04 03:31:07 socat[1548376] E waitpid(): child 1548377 exited with status 1
